<?xml version="1.0" encoding="UTF-8"?>
<!-- Generated by org.testng.reporters.JUnitXMLReporter -->
<testsuite hostname="DESKTOP-23R50OH" ignored="0" name="Test" tests="3" failures="0" timestamp="24 Nov 2022 12:59:36 GMT" time="23.891" errors="0">
  <testcase name="checkAndVerifyOperaRadioBoxIsSelected" time="0.088" classname="com.obsqura.assignmentswithpom.CheckBoxAndRadioButtonTest"/>
  <testcase name="checkAndVerifyRedCheckBoxIsEnabled" time="0.044" classname="com.obsqura.assignmentswithpom.CheckBoxAndRadioButtonTest"/>
  <testcase name="checkAndVerifyRedCheckBoxIsSelected" time="0.084" classname="com.obsqura.assignmentswithpom.CheckBoxAndRadioButtonTest"/>
</testsuite> <!-- Test -->
